<?xml version="1.0" encoding="UTF-8"?>
<!-- Generated by org.testng.reporters.JUnitReportReporter -->
<testsuite skipped="0" hostname="DESKTOP-C7FOANC" name="com.hexaware.testscripts.execSuite.ProjectSetupGUI" tests="2" failures="0" timestamp="2019-10-09T16:29:11 CDT" time="39.534" errors="0">
  <testcase name="scenario1" time="18.501" classname="com.hexaware.testscripts.execSuite.ProjectSetupGUI"/>
  <testcase name="scenario8" time="21.033" classname="com.hexaware.testscripts.execSuite.ProjectSetupGUI"/>
</testsuite> <!-- com.hexaware.testscripts.execSuite.ProjectSetupGUI -->
