<?xml version="1.0" encoding="UTF-8"?>
<!-- Generated by org.testng.reporters.JUnitReportReporter -->
<testsuite skipped="0" hostname="DESKTOP-C7FOANC" name="com.hexaware.testscripts.execSuite.UserDel" tests="1" failures="0" timestamp="2019-10-09T17:34:46 CDT" time="20.233" errors="0">
  <testcase name="scenario1" time="20.233" classname="com.hexaware.testscripts.execSuite.UserDel"/>
</testsuite> <!-- com.hexaware.testscripts.execSuite.UserDel -->
