<?xml version="1.0" encoding="UTF-8"?>
<!-- Generated by org.testng.reporters.JUnitReportReporter -->
<testsuite skipped="0" hostname="DESKTOP-C7FOANC" name="com.hexaware.testscripts.execSuite.ProfileInformationScripts" tests="1" failures="0" timestamp="2019-10-09T16:29:11 CDT" time="11.120" errors="0">
  <testcase name="scenario1" time="11.120" classname="com.hexaware.testscripts.execSuite.ProfileInformationScripts"/>
</testsuite> <!-- com.hexaware.testscripts.execSuite.ProfileInformationScripts -->
