<?xml version="1.0" encoding="UTF-8"?>
<!-- Generated by org.testng.reporters.JUnitReportReporter -->
<testsuite skipped="0" hostname="DESKTOP-C7FOANC" name="com.hexaware.testscripts.execSuite.ProjectSetupGUI" tests="2" failures="0" timestamp="2019-10-09T17:34:46 CDT" time="43.808" errors="0">
  <testcase name="scenario1" time="21.355" classname="com.hexaware.testscripts.execSuite.ProjectSetupGUI"/>
  <testcase name="scenario8" time="22.453" classname="com.hexaware.testscripts.execSuite.ProjectSetupGUI"/>
</testsuite> <!-- com.hexaware.testscripts.execSuite.ProjectSetupGUI -->
